<?xml version="1.0" encoding="UTF-8"?>
<!-- Generated by org.testng.reporters.JUnitReportReporter -->
<testsuite hostname="Rijwan" failures="0" tests="1" name="Maven1.Project1.TestCase8_Sorting" time="35.821" errors="0" timestamp="2025-05-08T02:37:37 IST" skipped="0">
  <testcase classname="Maven1.Project1.TestCase8_Sorting" name="sortProductsByRelevancePriceRating" time="35.821">
    <system-out>
      <![CDATA[Test Started: sortProductsByRelevancePriceRating
TestCase is Passed]]>
    </system-out>
  </testcase> <!-- sortProductsByRelevancePriceRating -->
  <system-out>
    <![CDATA[Test Started: sortProductsByRelevancePriceRating
TestCase is Passed]]>
  </system-out>
</testsuite> <!-- Maven1.Project1.TestCase8_Sorting -->
