<?xml version="1.0" encoding="UTF-8"?>
<!-- Generated by org.testng.reporters.JUnitReportReporter -->
<testsuite hostname="Rijwan" failures="0" tests="1" name="Maven1.Project1.AmazonSliderJSControl" time="20.713" errors="0" timestamp="2025-04-23T02:33:39 IST" skipped="0">
  <testcase classname="Maven1.Project1.AmazonSliderJSControl" name="moveSliderUsingJS" time="20.713"/>
</testsuite> <!-- Maven1.Project1.AmazonSliderJSControl -->
