<?xml version="1.0" encoding="UTF-8"?>
<!-- Generated by org.testng.reporters.JUnitReportReporter -->
<testsuite hostname="Rijwan" failures="0" tests="1" name="Maven1.Project1.TestCase5_ProfileUpdate" time="13.205" errors="0" timestamp="2025-04-16T20:30:41 IST" skipped="0">
  <testcase classname="Maven1.Project1.TestCase5_ProfileUpdate" name="login" time="13.205"/>
</testsuite> <!-- Maven1.Project1.TestCase5_ProfileUpdate -->
