<?xml version="1.0" encoding="UTF-8"?>
<!-- Generated by org.testng.reporters.JUnitReportReporter -->
<testsuite hostname="Rijwan" failures="0" tests="1" name="Maven1.Project1.TestCase1Launch" time="6.219" errors="0" timestamp="2025-04-16T00:07:57 IST" skipped="0">
  <testcase classname="Maven1.Project1.TestCase1Launch" name="launch" time="6.219"/>
</testsuite> <!-- Maven1.Project1.TestCase1Launch -->
