<?xml version="1.0" encoding="UTF-8"?>
<!-- Generated by org.testng.reporters.JUnitReportReporter -->
<testsuite hostname="Rijwan" failures="0" tests="1" name="Maven1.Project1.TestCase2_LoginandSearch" time="13.793" errors="0" timestamp="2025-04-16T20:12:44 IST" skipped="0">
  <testcase classname="Maven1.Project1.TestCase2_LoginandSearch" name="login" time="13.793"/>
</testsuite> <!-- Maven1.Project1.TestCase2_LoginandSearch -->
