<?xml version="1.0" encoding="UTF-8"?>
<!-- Generated by org.testng.reporters.JUnitReportReporter -->
<testsuite hostname="Rijwan" failures="0" tests="1" name="Maven1.Project1.TestCase3addtocart" time="14.454" errors="0" timestamp="2025-04-16T03:01:39 IST" skipped="0">
  <testcase classname="Maven1.Project1.TestCase3addtocart" name="login" time="14.454"/>
</testsuite> <!-- Maven1.Project1.TestCase3addtocart -->
