<?xml version="1.0" encoding="UTF-8"?>
<!-- Generated by org.testng.reporters.JUnitReportReporter -->
<testsuite hostname="Rijwan" failures="0" tests="1" name="Maven1.Project1.TestCase5_ProfileUpdate" time="27.823" errors="0" timestamp="2025-04-24T21:14:40 IST" skipped="0">
  <testcase classname="Maven1.Project1.TestCase5_ProfileUpdate" name="login" time="27.823">
    <system-out>
      <![CDATA[📸 Screenshot saved: D:\JAVA SELENIUM\Screenshots\Passed_login_20250424_211245.png
✅ Test Passed: login]]>
    </system-out>
  </testcase> <!-- login -->
  <system-out>
    <![CDATA[📸 Screenshot saved: D:\JAVA SELENIUM\Screenshots\Passed_register_20250424_211206.png
✅ Test Passed: register
📸 Screenshot saved: D:\JAVA SELENIUM\Screenshots\Passed_reachcart_20250424_211217.png
✅ Test Passed: reachcart
📸 Screenshot saved: D:\JAVA SELENIUM\Screenshots\Passed_login_20250424_211245.png
✅ Test Passed: login
📸 Screenshot saved: D:\JAVA SELENIUM\Screenshots\Passed_reachcart_20250424_211312.png
✅ Test Passed: reachcart
📸 Screenshot saved: D:\JAVA SELENIUM\Screenshots\Passed_login_20250424_211325.png
✅ Test Passed: login
📸 Screenshot saved: D:\JAVA SELENIUM\Screenshots\Failed_searchwithfilters_20250424_211402.png
❌ Test Failed: searchwithfilters
📸 Screenshot saved: D:\JAVA SELENIUM\Screenshots\Passed_login_20250424_211420.png
✅ Test Passed: login
📸 Screenshot saved: D:\JAVA SELENIUM\Screenshots\Passed_login_20250424_211439.png
✅ Test Passed: login]]>
  </system-out>
</testsuite> <!-- Maven1.Project1.TestCase5_ProfileUpdate -->
