<?xml version="1.0" encoding="UTF-8"?>
<!-- Generated by org.testng.reporters.JUnitReportReporter -->
<testsuite hostname="Rijwan" failures="0" tests="1" name="Maven1.Project1.TestCase3_addtocart" time="24.228" errors="0" timestamp="2025-04-25T01:45:29 IST" skipped="0">
  <testcase classname="Maven1.Project1.TestCase3_addtocart" name="addtocart" time="24.228"/>
</testsuite> <!-- Maven1.Project1.TestCase3_addtocart -->
