<?xml version="1.0" encoding="UTF-8"?>
<!-- Generated by org.testng.reporters.JUnitReportReporter -->
<testsuite hostname="Rijwan" failures="0" tests="1" name="Maven1.Project1.TestCase2_Login" time="17.505" errors="0" timestamp="2025-05-08T00:45:38 IST" skipped="0">
  <testcase classname="Maven1.Project1.TestCase2_Login" name="login" time="17.505">
    <system-out>
      <![CDATA[Test Started: login
TestCase is Passed]]>
    </system-out>
  </testcase> <!-- login -->
  <system-out>
    <![CDATA[Test Started: rating
Test Started: rating
TestCase is Failed
Test Started: register
TestCase is Passed
Test Started: validatePaymentMethodSelection
Test Started: validatePaymentMethodSelection
TestCase is Failed
Test Started: reachcartwithoutlogin
TestCase is Passed
Test Started: addProductToCart
Test Started: addProductToCart
TestCase is Failed
Test Started: searchwithfilters
Test Started: searchwithfilters
TestCase is Failed
Test Started: failedLogin
Test Started: failedLogin
TestCase is Failed
Test Started: sortProductsByRelevancePriceRating
Test Started: sortProductsByRelevancePriceRating
TestCase is Failed
Test Started: verifyProductDetails
TestCase is Failed
Test Started: validateCompleteCheckoutProcess
TestCase is Failed
Test Started: updateAndRemoveItemsFromCart
Test Started: updateAndRemoveItemsFromCart
TestCase is Failed
Test Started: validateCouponCodeApplication
Test Started: validateCouponCodeApplication
TestCase is Failed
Test Started: profileupdate
TestCase is Passed
Test Started: loginandsearch
TestCase is Passed
Test Started: login
TestCase is Passed]]>
  </system-out>
</testsuite> <!-- Maven1.Project1.TestCase2_Login -->
