<?xml version="1.0" encoding="UTF-8"?>
<!-- Generated by org.testng.reporters.JUnitReportReporter -->
<testsuite hostname="Rijwan" failures="0" tests="1" name="Maven1.Project1.TestCase3" time="12.579" errors="0" timestamp="2025-04-16T02:31:03 IST" skipped="0">
  <testcase classname="Maven1.Project1.TestCase3" name="login" time="12.579"/>
</testsuite> <!-- Maven1.Project1.TestCase3 -->
