<?xml version="1.0" encoding="UTF-8"?>
<!-- Generated by org.testng.reporters.JUnitReportReporter -->
<testsuite hostname="Rijwan" failures="0" tests="1" name="Maven1.Project1.TestCase2_LoginandSearch" time="15.764" errors="0" timestamp="2025-04-27T03:32:34 IST" skipped="0">
  <testcase classname="Maven1.Project1.TestCase2_LoginandSearch" name="loginandsearch" time="15.764"/>
</testsuite> <!-- Maven1.Project1.TestCase2_LoginandSearch -->
